[2026-06-19T22:15:57.049Z] INFO: Omega agent starting {"session":"69ca4ac3-074d-4c85-b33a-9d69f445dd9b"}
[2026-06-19T22:16:18.391Z] INFO: Starting runner with max steps: 90
[2026-06-19T22:16:21.319Z] INFO: Executing bash command {"command":"ls -la"}
[2026-06-19T22:16:21.338Z] INFO: Command executed successfully
[2026-06-19T22:16:21.339Z] INFO: Executing bash command {"command":"pwd"}
[2026-06-19T22:16:21.343Z] INFO: Command executed successfully
[2026-06-19T22:16:24.977Z] INFO: Reading file {"path":"src/runner.ts"}
[2026-06-19T22:16:24.978Z] INFO: File read successfully {"path":"src/runner.ts","lines":390}
[2026-06-19T22:16:24.980Z] INFO: Executing bash command {"command":"ls docs/"}
[2026-06-19T22:16:25.000Z] INFO: Command executed successfully
[2026-06-19T22:16:28.503Z] INFO: Executing bash command {"command":"ls src/__tests__/"}
[2026-06-19T22:16:28.518Z] INFO: Command executed successfully
[2026-06-19T22:16:30.780Z] INFO: Reading file {"path":"src/__tests__/runner.test.ts"}
[2026-06-19T22:16:30.780Z] INFO: File read successfully {"path":"src/__tests__/runner.test.ts","lines":281}
[2026-06-19T22:16:53.141Z] INFO: Executing bash command {"command":"cd /Users/benjaminlizarraga/Workspace/omega && npm run build 2>&1 | tail -5"}
[2026-06-19T22:16:54.311Z] INFO: Command executed successfully
[2026-06-19T22:17:01.406Z] INFO: Agent finished (end_turn)
[2026-06-19T22:17:23.928Z] INFO: Starting runner with max steps: 90
[2026-06-19T22:17:27.780Z] INFO: Reading file {"path":"src/runner.ts","limit":10}
[2026-06-19T22:17:27.781Z] INFO: File slice read successfully {"path":"src/runner.ts","start":0,"end":10}
[2026-06-19T22:17:27.781Z] INFO: Reading file {"path":"src/agent-config.ts","limit":10}
[2026-06-19T22:17:27.781Z] INFO: File slice read successfully {"path":"src/agent-config.ts","start":0,"end":10}
[2026-06-19T22:17:32.218Z] INFO: Executing bash command {"command":"sleep 2 && echo \"A: $(date +%T.%3N)\""}
[2026-06-19T22:17:34.263Z] INFO: Command executed successfully
[2026-06-19T22:17:34.264Z] INFO: Executing bash command {"command":"sleep 2 && echo \"B: $(date +%T.%3N)\""}
[2026-06-19T22:17:36.287Z] INFO: Command executed successfully
[2026-06-19T22:17:50.701Z] INFO: Reading file {"path":"src/tools/bash.ts"}
[2026-06-19T22:17:50.702Z] INFO: File read successfully {"path":"src/tools/bash.ts","lines":90}
[2026-06-19T22:18:01.106Z] INFO: Reading file {"path":"src/tools/tool.ts"}
[2026-06-19T22:18:01.107Z] INFO: File read successfully {"path":"src/tools/tool.ts","lines":32}
[2026-06-19T22:18:03.155Z] INFO: Reading file {"path":"src/tools/read.ts"}
[2026-06-19T22:18:03.156Z] INFO: File read successfully {"path":"src/tools/read.ts","lines":73}
[2026-06-19T22:18:03.156Z] INFO: Reading file {"path":"src/tools/write.ts"}
[2026-06-19T22:18:03.157Z] INFO: File read successfully {"path":"src/tools/write.ts","lines":64}
[2026-06-19T22:18:03.157Z] INFO: Reading file {"path":"src/tools/edit.ts"}
[2026-06-19T22:18:03.157Z] INFO: File read successfully {"path":"src/tools/edit.ts","lines":86}
[2026-06-19T22:18:18.103Z] INFO: Reading file {"path":"src/tools/grep.ts"}
[2026-06-19T22:18:18.104Z] INFO: File read successfully {"path":"src/tools/grep.ts","lines":143}
[2026-06-19T22:18:18.104Z] INFO: Reading file {"path":"src/tools/ask-user.ts"}
[2026-06-19T22:18:18.104Z] INFO: File read successfully {"path":"src/tools/ask-user.ts","lines":41}
[2026-06-19T22:18:40.904Z] INFO: Editing file {"path":"src/tools/tool.ts","oldTextLength":316,"newTextLength":325}
[2026-06-19T22:18:40.906Z] INFO: File edited successfully {"path":"src/tools/tool.ts"}
[2026-06-19T22:18:50.751Z] INFO: Writing file {"path":"src/tools/bash.ts","size":3864}
[2026-06-19T22:18:50.753Z] INFO: File written successfully {"path":"src/tools/bash.ts"}
[2026-06-19T22:19:03.242Z] INFO: Writing file {"path":"src/tools/read.ts","size":2406}
[2026-06-19T22:19:03.245Z] INFO: File written successfully {"path":"src/tools/read.ts"}
[2026-06-19T22:19:03.252Z] INFO: Writing file {"path":"src/tools/write.ts","size":1998}
[2026-06-19T22:19:03.253Z] INFO: File written successfully {"path":"src/tools/write.ts"}
[2026-06-19T22:19:03.255Z] INFO: Writing file {"path":"src/tools/edit.ts","size":2967}
[2026-06-19T22:19:03.256Z] INFO: File written successfully {"path":"src/tools/edit.ts"}
[2026-06-19T22:19:14.830Z] INFO: Writing file {"path":"src/tools/grep.ts","size":4867}
[2026-06-19T22:19:14.832Z] INFO: File written successfully {"path":"src/tools/grep.ts"}
[2026-06-19T22:19:14.839Z] INFO: Writing file {"path":"src/tools/ask-user.ts","size":1472}
[2026-06-19T22:19:14.843Z] INFO: File written successfully {"path":"src/tools/ask-user.ts"}
[2026-06-19T22:19:17.656Z] INFO: Editing file {"path":"src/runner.ts","oldTextLength":110,"newTextLength":118}
[2026-06-19T22:19:17.661Z] INFO: File edited successfully {"path":"src/runner.ts"}
[2026-06-19T22:19:22.526Z] INFO: Reading file {"path":"src/__tests__/tools/bash.test.ts"}
[2026-06-19T22:19:22.528Z] INFO: File read successfully {"path":"src/__tests__/tools/bash.test.ts","lines":52}
[2026-06-19T22:19:22.529Z] INFO: Reading file {"path":"src/__tests__/tools/read.test.ts"}
[2026-06-19T22:19:22.531Z] INFO: File read successfully {"path":"src/__tests__/tools/read.test.ts","lines":55}
[2026-06-19T22:19:22.532Z] INFO: Reading file {"path":"src/__tests__/tools/write.test.ts"}
[2026-06-19T22:19:22.533Z] INFO: File read successfully {"path":"src/__tests__/tools/write.test.ts","lines":74}
[2026-06-19T22:19:22.534Z] INFO: Reading file {"path":"src/__tests__/tools/edit.test.ts"}
[2026-06-19T22:19:22.534Z] INFO: File read successfully {"path":"src/__tests__/tools/edit.test.ts","lines":251}
[2026-06-19T22:19:46.452Z] INFO: Writing file {"path":"src/__tests__/tools/bash.test.ts","size":1607}
[2026-06-19T22:19:46.453Z] INFO: File written successfully {"path":"src/__tests__/tools/bash.test.ts"}
[2026-06-19T22:19:46.455Z] INFO: Writing file {"path":"src/__tests__/tools/read.test.ts","size":1624}
[2026-06-19T22:19:46.455Z] INFO: File written successfully {"path":"src/__tests__/tools/read.test.ts"}
[2026-06-19T22:19:46.456Z] INFO: Writing file {"path":"src/__tests__/tools/write.test.ts","size":2240}
[2026-06-19T22:19:46.456Z] INFO: File written successfully {"path":"src/__tests__/tools/write.test.ts"}
[2026-06-19T22:19:46.456Z] INFO: Writing file {"path":"src/__tests__/tools/edit.test.ts","size":8149}
[2026-06-19T22:19:46.456Z] INFO: File written successfully {"path":"src/__tests__/tools/edit.test.ts"}
[2026-06-19T22:19:48.810Z] INFO: Executing bash command {"command":"cd /Users/benjaminlizarraga/Workspace/omega && npm run build 2>&1"}
[2026-06-19T22:19:50.205Z] INFO: Command executed successfully
[2026-06-19T22:19:52.810Z] INFO: Executing bash command {"command":"cd /Users/benjaminlizarraga/Workspace/omega && npm test 2>&1"}
[2026-06-19T22:19:53.814Z] INFO: Command executed successfully
[2026-06-19T22:19:56.561Z] INFO: Executing bash command {"command":"sleep 2 && echo \"A: $(date +%T.%3N)\""}
[2026-06-19T22:19:58.597Z] INFO: Command executed successfully
[2026-06-19T22:19:58.599Z] INFO: Executing bash command {"command":"sleep 2 && echo \"B: $(date +%T.%3N)\""}
[2026-06-19T22:20:00.639Z] INFO: Command executed successfully
[2026-06-19T22:20:11.086Z] INFO: Executing bash command {"command":"grep -n 'await.*tool.execute' dist/runner.js"}
[2026-06-19T22:20:11.101Z] INFO: Command executed successfully
[2026-06-19T22:20:16.337Z] INFO: Agent finished (end_turn)
