[2026-06-19T21:37:38.083Z] INFO: Omega agent starting {"session":"a312b04f-c5aa-4aaa-8c19-d387c2de924f"}
[2026-06-19T21:37:45.842Z] INFO: Starting runner with max steps: 90
[2026-06-19T21:37:49.004Z] INFO: Executing bash command {"command":"git remote -v 2>/dev/null"}
[2026-06-19T21:37:49.043Z] INFO: Command executed successfully
[2026-06-19T21:37:49.044Z] INFO: Reading file {"path":"package.json"}
[2026-06-19T21:37:49.045Z] INFO: File read successfully {"path":"package.json","lines":34}
[2026-06-19T21:37:51.617Z] INFO: Executing bash command {"command":"gh issue list --repo belizar/omega --limit 20 --state all 2>&1"}
[2026-06-19T21:37:52.401Z] INFO: Command executed successfully
[2026-06-19T21:37:54.102Z] INFO: Executing bash command {"command":"gh issue list --repo belizar/omega --limit 50 --state all 2>&1"}
[2026-06-19T21:37:54.882Z] INFO: Command executed successfully
[2026-06-19T21:38:01.089Z] INFO: Agent finished (end_turn)
[2026-06-19T21:38:30.605Z] INFO: Starting runner with max steps: 90
[2026-06-19T21:38:55.011Z] INFO: Executing bash command {"command":"ls src/__tests__/"}
[2026-06-19T21:38:55.041Z] INFO: Command executed successfully
[2026-06-19T21:38:55.041Z] INFO: Executing bash command {"command":"npm test -- --reporter=verbose 2>&1 | tail -40"}
[2026-06-19T21:38:56.102Z] INFO: Command executed successfully
[2026-06-19T21:39:01.614Z] INFO: Reading file {"path":"src/__tests__/tools/"}
[2026-06-19T21:39:01.615Z] ERROR: Error reading src/__tests__/tools/: EISDIR: illegal operation on a directory, read
[2026-06-19T21:39:01.616Z] INFO: Reading file {"path":"src/__tests__/commands/commands.test.ts"}
[2026-06-19T21:39:01.617Z] INFO: File read successfully {"path":"src/__tests__/commands/commands.test.ts","lines":186}
[2026-06-19T21:39:01.617Z] INFO: Reading file {"path":"src/__tests__/context-management.test.ts"}
[2026-06-19T21:39:01.617Z] INFO: File read successfully {"path":"src/__tests__/context-management.test.ts","lines":580}
[2026-06-19T21:39:01.618Z] INFO: Reading file {"path":"src/__tests__/session.test.ts"}
[2026-06-19T21:39:01.618Z] INFO: File read successfully {"path":"src/__tests__/session.test.ts","lines":148}
[2026-06-19T21:39:06.007Z] INFO: Executing bash command {"command":"ls -la src/__tests__/tools/"}
[2026-06-19T21:39:06.027Z] INFO: Command executed successfully
[2026-06-19T21:39:06.027Z] INFO: Reading file {"path":"src/tools/edit.ts"}
[2026-06-19T21:39:06.027Z] INFO: File read successfully {"path":"src/tools/edit.ts","lines":86}
[2026-06-19T21:39:08.426Z] INFO: Reading file {"path":"src/__tests__/tools/edit.test.ts"}
[2026-06-19T21:39:08.427Z] INFO: File read successfully {"path":"src/__tests__/tools/edit.test.ts","lines":113}
[2026-06-19T21:39:14.270Z] INFO: Reading file {"path":"src/commands/help.ts"}
[2026-06-19T21:39:14.271Z] INFO: File read successfully {"path":"src/commands/help.ts","lines":28}
[2026-06-19T21:39:14.272Z] INFO: Executing bash command {"command":"gh issue view 27 --repo belizar/omega 2>&1"}
[2026-06-19T21:39:15.117Z] INFO: Command executed successfully
[2026-06-19T21:39:15.119Z] INFO: Executing bash command {"command":"gh issue view 28 --repo belizar/omega 2>&1"}
[2026-06-19T21:39:15.880Z] INFO: Command executed successfully
[2026-06-19T21:39:34.493Z] INFO: Editing file {"path":"src/__tests__/tools/edit.test.ts","oldTextLength":403,"newTextLength":5001}
[2026-06-19T21:39:34.494Z] INFO: File edited successfully {"path":"src/__tests__/tools/edit.test.ts"}
[2026-06-19T21:39:38.735Z] INFO: Editing file {"path":"src/__tests__/tools/edit.test.ts","oldTextLength":47,"newTextLength":63}
[2026-06-19T21:39:38.739Z] INFO: File edited successfully {"path":"src/__tests__/tools/edit.test.ts"}
[2026-06-19T21:39:41.523Z] INFO: Executing bash command {"command":"grep -n \"export\" src/tools/edit.ts"}
[2026-06-19T21:39:41.546Z] INFO: Command executed successfully
[2026-06-19T21:39:45.235Z] INFO: Editing file {"path":"src/tools/edit.ts","oldTextLength":68,"newTextLength":75}
[2026-06-19T21:39:45.241Z] INFO: File edited successfully {"path":"src/tools/edit.ts"}
[2026-06-19T21:39:47.938Z] INFO: Executing bash command {"command":"npx vitest run src/__tests__/tools/edit.test.ts 2>&1"}
[2026-06-19T21:39:48.808Z] INFO: Command executed successfully
[2026-06-19T21:39:51.945Z] INFO: Reading file {"path":"src/commands/index.ts"}
[2026-06-19T21:39:51.947Z] INFO: File read successfully {"path":"src/commands/index.ts","lines":49}
[2026-06-19T21:39:55.091Z] INFO: Editing file {"path":"src/__tests__/commands/commands.test.ts","oldTextLength":230,"newTextLength":337}
[2026-06-19T21:39:55.093Z] INFO: File edited successfully {"path":"src/__tests__/commands/commands.test.ts"}
[2026-06-19T21:39:59.134Z] INFO: Editing file {"path":"src/__tests__/commands/commands.test.ts","oldTextLength":80,"newTextLength":1153}
[2026-06-19T21:39:59.135Z] INFO: File edited successfully {"path":"src/__tests__/commands/commands.test.ts"}
[2026-06-19T21:40:02.957Z] INFO: Editing file {"path":"src/__tests__/commands/commands.test.ts","oldTextLength":256,"newTextLength":622}
[2026-06-19T21:40:02.959Z] INFO: File edited successfully {"path":"src/__tests__/commands/commands.test.ts"}
[2026-06-19T21:40:05.053Z] INFO: Executing bash command {"command":"npx vitest run src/__tests__/commands/commands.test.ts 2>&1 | tail -20"}
[2026-06-19T21:40:06.420Z] INFO: Command executed successfully
[2026-06-19T21:40:10.649Z] INFO: Reading file {"path":"src/session.ts"}
[2026-06-19T21:40:10.650Z] INFO: File read successfully {"path":"src/session.ts","lines":281}
[2026-06-19T21:40:17.639Z] INFO: Reading file {"path":"src/__tests__/session.test.ts"}
[2026-06-19T21:40:17.640Z] INFO: File read successfully {"path":"src/__tests__/session.test.ts","lines":148}
[2026-06-19T21:40:22.441Z] INFO: Editing file {"path":"src/__tests__/session.test.ts","oldTextLength":205,"newTextLength":325}
[2026-06-19T21:40:22.442Z] INFO: File edited successfully {"path":"src/__tests__/session.test.ts"}
[2026-06-19T21:40:30.477Z] INFO: Editing file {"path":"src/__tests__/session.test.ts","oldTextLength":195,"newTextLength":2738}
[2026-06-19T21:40:30.478Z] INFO: File edited successfully {"path":"src/__tests__/session.test.ts"}
[2026-06-19T21:40:45.636Z] INFO: Editing file {"path":"src/__tests__/session.test.ts","oldTextLength":161,"newTextLength":6106}
[2026-06-19T21:40:45.638Z] INFO: File edited successfully {"path":"src/__tests__/session.test.ts"}
[2026-06-19T21:40:48.309Z] INFO: Executing bash command {"command":"npx vitest run src/__tests__/session.test.ts 2>&1 | tail -25"}
[2026-06-19T21:40:49.337Z] INFO: Command executed successfully
[2026-06-19T21:40:53.958Z] INFO: Reading file {"path":"src/context-management.ts","limit":40}
[2026-06-19T21:40:53.959Z] INFO: File slice read successfully {"path":"src/context-management.ts","start":0,"end":40}
[2026-06-19T21:41:01.151Z] INFO: Executing bash command {"command":"tail -15 src/context-management.ts"}
[2026-06-19T21:41:01.173Z] INFO: Command executed successfully
[2026-06-19T21:41:03.425Z] INFO: Executing bash command {"command":"sed -n '194,250p' src/context-management.ts"}
[2026-06-19T21:41:03.453Z] INFO: Command executed successfully
[2026-06-19T21:41:07.539Z] INFO: Executing bash command {"command":"npx vitest run 2>&1 | tail -20"}
[2026-06-19T21:41:08.879Z] INFO: Command executed successfully
[2026-06-19T21:41:12.232Z] INFO: Executing bash command {"command":"npx tsc --noEmit 2>&1"}
[2026-06-19T21:41:13.366Z] INFO: Command executed successfully
[2026-06-19T21:41:19.156Z] INFO: Executing bash command {"command":"gh issue close 27 --repo belizar/omega -c \"Tests de EditTool completos. 22 tests cubren: reemplazo exacto, fallo 0 ocurrencias, múltiples ocurrencias, archivo inexistente, validación de input, bloqueo .env/.env.local/.envrc, reemplazo vacío, multilínea, caracteres regex, tabs, unicode, inicio/fin del archivo, reemplazo total, campos faltantes.\" 2>&1"}
[2026-06-19T21:41:21.334Z] INFO: Command executed successfully
[2026-06-19T21:41:21.336Z] INFO: Executing bash command {"command":"gh issue close 28 --repo belizar/omega -c \"Tests de commands completos. 14 tests cubren: /clear, /rename (con/sin args, nombre vacío), /resume (sin sesiones, sin args, id inexistente), /help (lista comandos, sin comandos), dispatchCommand (no-comando, /clear, desconocido, /rename, /help).\" 2>&1"}
[2026-06-19T21:41:23.365Z] INFO: Command executed successfully
[2026-06-19T21:41:23.366Z] INFO: Executing bash command {"command":"gh issue close 29 --repo belizar/omega -c \"Tests de context-management completos. 28 tests cubren: truncate, estimateTokens, estimateMessagesTokens, pruneContext (turn-aware, tool_results huérfanos, turno gigante, último mensaje, content mixto), compactStaleReads (antigüedad, edición, inmutabilidad, sin path, recalcular edad, is_error).\" 2>&1"}
[2026-06-19T21:41:25.474Z] INFO: Command executed successfully
[2026-06-19T21:41:25.475Z] INFO: Executing bash command {"command":"gh issue close 30 --repo belizar/omega -c \"Tests de Session completos. 29 tests cubren: inicialización, mensajes, orden, clear, getContext, compactWorkingContext, addUsage, info, rename, getters, persistencia en disco (crear/reanudar/workingContext/clear/formato viejo/archivo corrupto), listSessions.\" 2>&1"}
[2026-06-19T21:41:27.900Z] INFO: Command executed successfully
[2026-06-19T21:41:32.219Z] INFO: Agent finished (end_turn)
[2026-06-19T21:43:32.211Z] INFO: Starting runner with max steps: 90
[2026-06-19T21:43:37.397Z] INFO: Reading file {"path":"src/tui/screen.ts"}
[2026-06-19T21:43:37.399Z] INFO: File read successfully {"path":"src/tui/screen.ts","lines":429}
[2026-06-19T21:43:54.726Z] INFO: Editing file {"path":"src/tui/screen.ts","oldTextLength":368,"newTextLength":482}
[2026-06-19T21:43:54.730Z] INFO: File edited successfully {"path":"src/tui/screen.ts"}
[2026-06-19T21:43:57.950Z] INFO: Executing bash command {"command":"npx tsc --noEmit 2>&1"}
[2026-06-19T21:43:59.428Z] INFO: Command executed successfully
[2026-06-19T21:44:02.199Z] INFO: Executing bash command {"command":"npx vitest run 2>&1 | tail -5"}
[2026-06-19T21:44:03.475Z] INFO: Command executed successfully
[2026-06-19T21:44:08.389Z] INFO: Agent finished (end_turn)
[2026-06-19T21:47:53.213Z] INFO: Starting runner with max steps: 90
[2026-06-19T21:47:57.059Z] INFO: Reading file {"path":"src/context-management.ts"}
[2026-06-19T21:47:57.059Z] INFO: File read successfully {"path":"src/context-management.ts","lines":346}
[2026-06-19T21:48:59.879Z] INFO: Editing file {"path":"src/context-management.ts","oldTextLength":1070,"newTextLength":1459}
[2026-06-19T21:48:59.881Z] INFO: File edited successfully {"path":"src/context-management.ts"}
[2026-06-19T21:49:17.706Z] INFO: Editing file {"path":"src/context-management.ts","oldTextLength":4926,"newTextLength":4758}
[2026-06-19T21:49:17.710Z] INFO: File edited successfully {"path":"src/context-management.ts"}
[2026-06-19T21:49:21.015Z] INFO: Editing file {"path":"src/session.ts","oldTextLength":96,"newTextLength":96}
[2026-06-19T21:49:21.018Z] INFO: File edited successfully {"path":"src/session.ts"}
[2026-06-19T21:49:23.962Z] INFO: Reading file {"path":"src/__tests__/context-management.test.ts","offset":262}
[2026-06-19T21:49:23.965Z] INFO: File slice read successfully {"path":"src/__tests__/context-management.test.ts","start":261,"end":580}
[2026-06-19T21:50:11.713Z] INFO: Editing file {"path":"src/__tests__/context-management.test.ts","oldTextLength":9804,"newTextLength":13806}
[2026-06-19T21:50:11.734Z] INFO: File edited successfully {"path":"src/__tests__/context-management.test.ts"}
[2026-06-19T21:50:15.600Z] INFO: Editing file {"path":"src/__tests__/session.test.ts","oldTextLength":67,"newTextLength":67}
[2026-06-19T21:50:15.602Z] INFO: File edited successfully {"path":"src/__tests__/session.test.ts"}
[2026-06-19T21:50:19.634Z] INFO: Reading file {"path":"src/__tests__/session.test.ts","offset":100,"limit":45}
[2026-06-19T21:50:19.635Z] INFO: File slice read successfully {"path":"src/__tests__/session.test.ts","start":99,"end":144}
[2026-06-19T21:50:30.030Z] INFO: Editing file {"path":"src/__tests__/session.test.ts","oldTextLength":1662,"newTextLength":1960}
[2026-06-19T21:50:30.032Z] INFO: File edited successfully {"path":"src/__tests__/session.test.ts"}
[2026-06-19T21:50:33.760Z] INFO: Executing bash command {"command":"npx vitest run 2>&1 | tail -30"}
[2026-06-19T21:50:35.345Z] INFO: Command executed successfully
[2026-06-19T21:50:58.632Z] INFO: Editing file {"path":"src/__tests__/context-management.test.ts","oldTextLength":253,"newTextLength":281}
[2026-06-19T21:50:58.633Z] INFO: File edited successfully {"path":"src/__tests__/context-management.test.ts"}
[2026-06-19T21:51:03.080Z] INFO: Editing file {"path":"src/__tests__/context-management.test.ts","oldTextLength":119,"newTextLength":119}
[2026-06-19T21:51:03.083Z] INFO: File edited successfully {"path":"src/__tests__/context-management.test.ts"}
[2026-06-19T21:51:19.107Z] INFO: Editing file {"path":"src/__tests__/context-management.test.ts","oldTextLength":3381,"newTextLength":2940}
[2026-06-19T21:51:19.110Z] INFO: File edited successfully {"path":"src/__tests__/context-management.test.ts"}
[2026-06-19T21:51:25.093Z] INFO: Editing file {"path":"src/__tests__/context-management.test.ts","oldTextLength":301,"newTextLength":301}
[2026-06-19T21:51:25.096Z] INFO: File edited successfully {"path":"src/__tests__/context-management.test.ts"}
[2026-06-19T21:51:36.628Z] INFO: Editing file {"path":"src/__tests__/context-management.test.ts","oldTextLength":914,"newTextLength":1026}
[2026-06-19T21:51:36.631Z] INFO: File edited successfully {"path":"src/__tests__/context-management.test.ts"}
[2026-06-19T21:51:48.436Z] INFO: Editing file {"path":"src/__tests__/context-management.test.ts","oldTextLength":570,"newTextLength":600}
[2026-06-19T21:51:48.437Z] INFO: File edited successfully {"path":"src/__tests__/context-management.test.ts"}
[2026-06-19T21:51:53.163Z] INFO: Editing file {"path":"src/__tests__/context-management.test.ts","oldTextLength":469,"newTextLength":499}
[2026-06-19T21:51:53.164Z] INFO: File edited successfully {"path":"src/__tests__/context-management.test.ts"}
[2026-06-19T21:51:57.656Z] INFO: Editing file {"path":"src/__tests__/context-management.test.ts","oldTextLength":350,"newTextLength":371}
[2026-06-19T21:51:57.658Z] INFO: File edited successfully {"path":"src/__tests__/context-management.test.ts"}
[2026-06-19T21:52:03.486Z] INFO: Editing file {"path":"src/__tests__/context-management.test.ts","oldTextLength":683,"newTextLength":704}
[2026-06-19T21:52:03.488Z] INFO: File edited successfully {"path":"src/__tests__/context-management.test.ts"}
[2026-06-19T21:52:07.190Z] INFO: Editing file {"path":"src/__tests__/context-management.test.ts","oldTextLength":119,"newTextLength":119}
[2026-06-19T21:52:07.194Z] INFO: File edited successfully {"path":"src/__tests__/context-management.test.ts"}
[2026-06-19T21:52:11.875Z] INFO: Executing bash command {"command":"npx vitest run 2>&1 | tail -25"}
[2026-06-19T21:52:13.209Z] INFO: Command executed successfully
[2026-06-19T21:52:19.239Z] INFO: Editing file {"path":"src/__tests__/context-management.test.ts","oldTextLength":179,"newTextLength":179}
[2026-06-19T21:52:19.241Z] INFO: File edited successfully {"path":"src/__tests__/context-management.test.ts"}
[2026-06-19T21:52:23.038Z] INFO: Executing bash command {"command":"npx vitest run 2>&1 | tail -10"}
[2026-06-19T21:52:24.656Z] INFO: Command executed successfully
[2026-06-19T21:52:27.480Z] INFO: Executing bash command {"command":"npx tsc --noEmit 2>&1"}
[2026-06-19T21:52:28.564Z] INFO: Command executed successfully
[2026-06-19T21:52:35.402Z] INFO: Executing bash command {"command":"git diff --stat 2>&1"}
[2026-06-19T21:52:35.441Z] INFO: Command executed successfully
[2026-06-19T21:52:41.102Z] INFO: Agent finished (end_turn)
